<?xml version="1.0" encoding="UTF-8"?>
<!-- Generated by org.testng.reporters.JUnitXMLReporter -->
<testsuite hostname="Mangesh-PC" ignored="0" name="Test" tests="3" failures="1" timestamp="08 Jan 2021 13:20:03 GMT" time="21.509" errors="0">
  <testcase name="passtest" time="1.958" classname="com.jbk.ExtentreportWithScreenshotTest"/>
  <testcase name="failtest" time="0.055" classname="com.jbk.ExtentreportWithScreenshotTest">
    <failure type="java.lang.AssertionError" message="expected [NoTitle] but found [AdminLTE 2 | Dashboard]">
      <![CDATA[java.lang.AssertionError: expected [NoTitle] but found [AdminLTE 2 | Dashboard]
at com.jbk.ExtentreportWithScreenshotTest.failtest(ExtentreportWithScreenshotTest.java:49)
... Removed 40 stack frames]]>
    </failure>
  </testcase> <!-- failtest -->
  <testcase name="skiptest" time="0.0" classname="com.jbk.ExtentreportWithScreenshotTest">
    <skipped/>
  </testcase> <!-- skiptest -->
</testsuite> <!-- Test -->
