<?xml version="1.0" encoding="UTF-8" ?>
<testsuite tests="3" failures="1" name="TestSuite" time="2.045" errors="0" skipped="1">
  <properties>
[...]
</properties>
  <testcase classname="com.jbk.ExtentreportWithScreenshotTest" name="passtest" time="1.969"/>
  <testcase classname="com.jbk.ExtentreportWithScreenshotTest" name="failtest" time="0.075">
    <failure message="expected [NoTitle] but found [AdminLTE 2 | Dashboard]" type="java.lang.AssertionError">java.lang.AssertionError: expected [NoTitle] but found [AdminLTE 2 | Dashboard]
	at org.testng.Assert.fail(Assert.java:96)
	at org.testng.Assert.failNotEquals(Assert.java:776)
	at org.testng.Assert.assertEqualsImpl(Assert.java:137)
	at org.testng.Assert.assertEquals(Assert.java:118)
	at org.testng.Assert.assertEquals(Assert.java:453)
	at org.testng.Assert.assertEquals(Assert.java:463)
	at com.jbk.ExtentreportWithScreenshotTest.failtest(ExtentreportWithScreenshotTest.java:49)
</failure>
  </testcase>
  <testcase classname="com.jbk.ExtentreportWithScreenshotTest" name="skiptest" time="0.001">
    <skipped/>
  </testcase>
</testsuite>